#
# There is insufficient memory for the Java Runtime Environment to continue.
# Native memory allocation (malloc) failed to allocate 134528 bytes for Chunk::new
# Possible reasons:
#   The system is out of physical RAM or swap space
#   The process is running with CompressedOops enabled, and the Java Heap may be blocking the growth of the native heap
# Possible solutions:
#   Reduce memory load on the system
#   Increase physical memory or swap space
#   Check if swap backing store is full
#   Decrease Java heap size (-Xmx/-Xms)
#   Decrease number of Java threads
#   Decrease Java thread stack sizes (-Xss)
#   Set larger code cache with -XX:ReservedCodeCacheSize=
#   JVM is running with Unscaled Compressed Oops mode in which the Java heap is
#     placed in the first 4GB address space. The Java Heap base address is the
#     maximum limit for the native heap growth. Please use -XX:HeapBaseMinAddress
#     to set the Java Heap base and to place the Java Heap above 4GB virtual address.
# This output file may be truncated or incomplete.
#
#  Out of Memory Error (allocation.cpp:389), pid=1192, tid=0x0000000000003cc8
#
# JRE version: OpenJDK Runtime Environment (8.0_242-b01) (build 1.8.0_242-release-1644-b01)
# Java VM: OpenJDK 64-Bit Server VM (25.242-b01 mixed mode windows-amd64 compressed oops)
# Failed to write core dump. Minidumps are not enabled by default on client versions of Windows
#

---------------  T H R E A D  ---------------

Current thread (0x0000000019eb5800):  JavaThread "C2 CompilerThread1" daemon [_thread_in_native, id=15560, stack(0x000000001a880000,0x000000001a980000)]

Stack: [0x000000001a880000,0x000000001a980000]
[error occurred during error reporting (printing stack bounds), id 0xc0000005]

Native frames: (J=compiled Java code, j=interpreted, Vv=VM code, C=native code)


Current CompileTask:
C2:   1640  609  s!   4       sun.misc.URLClassPath::getLoader (243 bytes)


---------------  P R O C E S S  ---------------

Java Threads: ( => current thread )
  0x0000000019f46800 JavaThread "Service Thread" daemon [_thread_blocked, id=1980, stack(0x000000001ab80000,0x000000001ac80000)]
  0x0000000019ec7800 JavaThread "C1 CompilerThread3" daemon [_thread_blocked, id=15708, stack(0x000000001aa80000,0x000000001ab80000)]
  0x0000000019ebb000 JavaThread "C2 CompilerThread2" daemon [_thread_in_native, id=19336, stack(0x000000001a980000,0x000000001aa80000)]
=>0x0000000019eb5800 JavaThread "C2 CompilerThread1" daemon [_thread_in_native, id=15560, stack(0x000000001a880000,0x000000001a980000)]
  0x0000000019eb2800 JavaThread "C2 CompilerThread0" daemon [_thread_in_native, id=18740, stack(0x000000001a780000,0x000000001a880000)]
  0x0000000019eb0000 JavaThread "Attach Listener" daemon [_thread_blocked, id=12912, stack(0x000000001a680000,0x000000001a780000)]
  0x00000000180ae000 JavaThread "Signal Dispatcher" daemon [_thread_blocked, id=12536, stack(0x000000001a580000,0x000000001a680000)]
  0x0000000019ea0800 JavaThread "Finalizer" daemon [_thread_blocked, id=12588, stack(0x000000001a380000,0x000000001a480000)]
  0x0000000003119000 JavaThread "Reference Handler" daemon [_thread_blocked, id=15912, stack(0x000000001a280000,0x000000001a380000)]
  0x0000000003022800 JavaThread "main" [_thread_in_vm, id=12128, stack(0x0000000002e70000,0x0000000002f70000)]

Other Threads:
  0x0000000018096000 VMThread [stack: 0x0000000019d80000,0x0000000019e80000] [id=13428]
  0x0000000019f48800 WatcherThread [stack: 0x000000001ac80000,0x000000001ad80000] [id=8520]

VM state:not at safepoint (normal execution)

VM Mutex/Monitor currently owned by a thread: None

heap address: 0x0000000081c00000, size: 2020 MB, Compressed Oops mode: 32-bit
Narrow klass base: 0x0000000000000000, Narrow klass shift: 3
Compressed class space size: 1073741824 Address: 0x0000000100000000

Heap:
 PSYoungGen      total 38400K, used 18655K [0x00000000d5f00000, 0x00000000d8980000, 0x0000000100000000)
  eden space 33280K, 56% used [0x00000000d5f00000,0x00000000d7137d38,0x00000000d7f80000)
  from space 5120K, 0% used [0x00000000d8480000,0x00000000d8480000,0x00000000d8980000)
  to   space 5120K, 0% used [0x00000000d7f80000,0x00000000d7f80000,0x00000000d8480000)
 ParOldGen       total 87552K, used 0K [0x0000000081c00000, 0x0000000087180000, 0x00000000d5f00000)
  object space 87552K, 0% used [0x0000000081c00000,0x0000000081c00000,0x0000000087180000)
 Metaspace       used 6390K, capacity 6622K, committed 6784K, reserved 1056768K
  class space    used 741K, capacity 845K, committed 896K, reserved 1048576K

Card table byte_map: [0x00000000124e0000,0x00000000128e0000] byte_map_base: 0x00000000120d2000

Marking Bits: (ParMarkBitMap*) 0x0000000052b7f030
 Begin Bits: [0x0000000013390000, 0x0000000015320000)
 End Bits:   [0x0000000015320000, 0x00000000172b0000)

Polling page: 0x0000000001810000

CodeCache: size=245760Kb used=2569Kb max_used=2579Kb free=243190Kb
 bounds [0x0000000003120000, 0x00000000033b0000, 0x0000000012120000]
 total_blobs=913 nmethods=616 adapters=211
 compilation: enabled

Compilation events (10 events):
Event: 1.620 Thread 0x0000000019ec7800 nmethod 613 0x000000000339f310 code [0x000000000339f500, 0x00000000033a00d8]
Event: 1.620 Thread 0x0000000019ec7800  614       3       java.util.zip.InflaterInputStream::<init> (79 bytes)
Event: 1.621 Thread 0x0000000019ec7800 nmethod 614 0x00000000033a0710 code [0x00000000033a08c0, 0x00000000033a0f98]
Event: 1.621 Thread 0x0000000019ec7800  615   !   3       java.util.zip.Inflater::setInput (74 bytes)
Event: 1.621 Thread 0x0000000019ec7800 nmethod 615 0x00000000033a1250 code [0x00000000033a13e0, 0x00000000033a1918]
Event: 1.624 Thread 0x0000000019ec7800  617       3       java.util.ArrayList::grow (45 bytes)
Event: 1.624 Thread 0x0000000019ec7800 nmethod 617 0x00000000033a1b10 code [0x00000000033a1ca0, 0x00000000033a2198]
Event: 1.626 Thread 0x0000000019ebb000 nmethod 616 0x00000000033a5390 code [0x00000000033a5500, 0x00000000033a5918]
Event: 1.630 Thread 0x0000000019ec7800  618       3       java.util.Properties::getProperty (46 bytes)
Event: 1.631 Thread 0x0000000019ec7800 nmethod 618 0x00000000033a4bd0 code [0x00000000033a4d60, 0x00000000033a5278]

GC Heap History (0 events):
No events

Deoptimization events (0 events):
No events

Classes redefined (0 events):
No events

Internal exceptions (10 events):
Event: 0.022 Thread 0x0000000003022800 Exception <a 'java/lang/NoSuchMethodError': Method sun.misc.Unsafe.defineClass(Ljava/lang/String;[BII)Ljava/lang/Class; name or signature does not match> (0x00000000d5f07cc8) thrown at [C:\src\AOSP-openjdk-git\hotspot\src\share\vm\prims\jni.cpp, line 4013
Event: 0.022 Thread 0x0000000003022800 Exception <a 'java/lang/NoSuchMethodError': Method sun.misc.Unsafe.prefetchRead(Ljava/lang/Object;J)V name or signature does not match> (0x00000000d5f07fb0) thrown at [C:\src\AOSP-openjdk-git\hotspot\src\share\vm\prims\jni.cpp, line 4013]
Event: 0.347 Thread 0x0000000003022800 Exception <a 'java/security/PrivilegedActionException'> (0x00000000d60b9398) thrown at [C:\src\AOSP-openjdk-git\hotspot\src\share\vm\prims\jvm.cpp, line 1502]
Event: 0.347 Thread 0x0000000003022800 Exception <a 'java/security/PrivilegedActionException'> (0x00000000d60b95a8) thrown at [C:\src\AOSP-openjdk-git\hotspot\src\share\vm\prims\jvm.cpp, line 1502]
Event: 0.347 Thread 0x0000000003022800 Exception <a 'java/security/PrivilegedActionException'> (0x00000000d60bd1b0) thrown at [C:\src\AOSP-openjdk-git\hotspot\src\share\vm\prims\jvm.cpp, line 1502]
Event: 0.347 Thread 0x0000000003022800 Exception <a 'java/security/PrivilegedActionException'> (0x00000000d60bd3c0) thrown at [C:\src\AOSP-openjdk-git\hotspot\src\share\vm\prims\jvm.cpp, line 1502]
Event: 0.347 Thread 0x0000000003022800 Exception <a 'java/security/PrivilegedActionException'> (0x00000000d60be8f8) thrown at [C:\src\AOSP-openjdk-git\hotspot\src\share\vm\prims\jvm.cpp, line 1502]
Event: 0.347 Thread 0x0000000003022800 Exception <a 'java/security/PrivilegedActionException'> (0x00000000d60beb08) thrown at [C:\src\AOSP-openjdk-git\hotspot\src\share\vm\prims\jvm.cpp, line 1502]
Event: 0.562 Thread 0x0000000003022800 Exception <a 'java/lang/NoSuchFieldError': method resolution failed> (0x00000000d62a18b0) thrown at [C:\src\AOSP-openjdk-git\hotspot\src\share\vm\prims\methodHandles.cpp, line 1167]
Event: 0.565 Thread 0x0000000003022800 Exception <a 'java/lang/NoSuchFieldError': method resolution failed> (0x00000000d62aeec8) thrown at [C:\src\AOSP-openjdk-git\hotspot\src\share\vm\prims\methodHandles.cpp, line 1167]

Events (10 events):
Event: 1.636 loading class sun/util/logging/LoggingSupport$1 done
Event: 1.636 loading class java/util/logging/LoggingProxyImpl
Event: 1.636 loading class sun/util/logging/LoggingProxy
Event: 1.636 loading class sun/util/logging/LoggingProxy done
Event: 1.636 loading class java/util/logging/LoggingProxyImpl done
Event: 1.636 loading class sun/reflect/UnsafeQualifiedStaticObjectFieldAccessorImpl
Event: 1.637 loading class sun/reflect/UnsafeQualifiedStaticFieldAccessorImpl
Event: 1.637 loading class sun/reflect/UnsafeQualifiedStaticFieldAccessorImpl done
Event: 1.637 loading class sun/reflect/UnsafeQualifiedStaticObjectFieldAccessorImpl done
Event: 1.637 loading class java/util/logging/LogManager$RootLogger


Dynamic libraries:
0x00007ff7268d0000 - 0x00007ff726901000 	C:\WINDOWS\System32\msvcp_win.dll
0x00007ffd27cf0000 - 0x00007ffd27ee5000 	C:\WINDOWS\SYSTEM32\ntdll.dll
0x00007ffd26e90000 - 0x00007ffd26f4d000 	C:\WINDOWS\System32\KERNEL32.DLL
0x00007ffd25a70000 - 0x00007ffd25d3d000 	C:\WINDOWS\System32\KERNELBASE.dll
0x00007ffd26af0000 - 0x00007ffd26b9e000 	C:\WINDOWS\System32\IMM32.DLL
0x00007ffd25d40000 - 0x00007ffd25dde000 	D:\Program Files\Android\Android Studio\jre\jre\bin\msvcr100.dll
0x00007ffd27800000 - 0x00007ffd2789c000 	D:\Program Files\Android\Android Studio\jre\jre\bin\server\jvm.dll
0x00007ffd269a0000 - 0x00007ffd26ac5000 	C:\WINDOWS\System32\PSAPI.DLL
0x00007ffd26800000 - 0x00007ffd269a0000 	C:\WINDOWS\SYSTEM32\WSOCK32.dll
0x00007ffd259b0000 - 0x00007ffd259d2000 	C:\WINDOWS\SYSTEM32\VERSION.dll
0x00007ffd267d0000 - 0x00007ffd267fa000 	C:\WINDOWS\SYSTEM32\WINMM.dll
0x00007ffd25600000 - 0x00007ffd2570b000 	C:\WINDOWS\System32\WS2_32.dll
0x00007ffd25910000 - 0x00007ffd259ad000 	C:\WINDOWS\System32\msvcp_win.dll
0x00007ffd25710000 - 0x00007ffd25810000 	C:\WINDOWS\System32\ucrtbase.dll
0x00007ffd13c30000 - 0x00007ffd13eca000 	C:\WINDOWS\WinSxS\amd64_microsoft.windows.common-controls_6595b64144ccf1df_6.0.19041.1110_none_60b5254171f9507e\COMCTL32.dll
0x00007ffd275e0000 - 0x00007ffd27610000 	D:\Program Files\Android\Android Studio\jre\jre\bin\zip.dll
0x0000000052d70000 - 0x0000000052e42000 	D:\Program Files\Android\Android Studio\jre\jre\bin\msvcr100.dll
0x00000000523b0000 - 0x0000000052bfb000 	C:\WINDOWS\System32\KERNELBASE.dll
0x00007ffd26ae0000 - 0x00007ffd26ae8000 	C:\WINDOWS\System32\RPCRT4.dll
0x00007ffd20db0000 - 0x00007ffd20db9000 	C:\WINDOWS\System32\win32u.dll
0x00007ffd1e0c0000 - 0x00007ffd1e0ca000 	C:\WINDOWS\System32\msvcp_win.dll
0x00007ffd16240000 - 0x00007ffd16267000 	C:\WINDOWS\WinSxS\amd64_microsoft.windows.common-controls_6595b64144ccf1df_6.0.19041.1110_none_60b5254171f9507e\COMCTL32.dll
0x00007ffd26ce0000 - 0x00007ffd26d4b000 	D:\Program Files\Android\Android Studio\jre\jre\bin\msvcr100.dll
0x00007ffd20c60000 - 0x00007ffd20c6f000 	C:\WINDOWS\System32\PSAPI.DLL
0x00007ffd20c30000 - 0x00007ffd20c59000 	C:\WINDOWS\SYSTEM32\VERSION.dll
0x00007ffd20c10000 - 0x00007ffd20c26000 	D:\Program Files\Android\Android Studio\jre\jre\bin\zip.dll
0x00007ffd25ed0000 - 0x00007ffd26614000 	D:\Program Files\Android\Android Studio\jre\jre\bin\verify.dll
0x00007ffd23500000 - 0x00007ffd23c94000 	D:\Program Files\Android\Android Studio\jre\jre\bin\java.dll
0x00007ffd27950000 - 0x00007ffd27ca4000 	C:\WINDOWS\System32\combase.dll
0x00007ffd24e60000 - 0x00007ffd24e8c000 	C:\WINDOWS\System32\ADVAPI32.dll
0x00007ffd26c30000 - 0x00007ffd26cdd000 	C:\WINDOWS\System32\win32u.dll
0x00007ffd26f50000 - 0x00007ffd26fa5000 	C:\WINDOWS\System32\msvcp_win.dll
0x00007ffd25340000 - 0x00007ffd2535f000 	C:\WINDOWS\WinSxS\amd64_microsoft.windows.common-controls_6595b64144ccf1df_6.0.19041.1110_none_60b5254171f9507e\COMCTL32.dll
0x00007ffd1b3b0000 - 0x00007ffd1b3ca000 	C:\WINDOWS\SYSTEM32\WSOCK32.dll
0x00007ffd24bc0000 - 0x00007ffd24c2a000 	C:\WINDOWS\SYSTEM32\WINMM.dll
0x00007ffd1b390000 - 0x00007ffd1b3a3000 	D:\Program Files\Android\Android Studio\jre\jre\bin\verify.dll

VM Arguments:
jvm_args: -Dorg.gradle.appname=gradlew 
java_command: org.gradle.wrapper.GradleWrapperMain -q -Ptarget-platform=android-x86 -Ptarget=D:\flutterPro\besh\lib\main.dart -Pbase-application-name=android.app.Application -Pdart-defines=Zmx1dHRlci5pbnNwZWN0b3Iuc3RydWN0dXJlZEVycm9ycz10cnVl,RkxVVFRFUl9XRUJfQVVUT19ERVRFQ1Q9dHJ1ZQ== -Pdart-obfuscation=false -Ptrack-widget-creation=true -Ptree-shake-icons=false -Pfilesystem-scheme=org-dartlang-root assembleDebug
java_class_path (initial): D:\flutterPro\besh\android\\gradle\wrapper\gradle-wrapper.jar
Launcher Type: SUN_STANDARD

Environment Variables:
JAVA_HOME=D:\Program Files\Android\Android Studio\jre
CLASSPATH=D:\flutterPro\besh\android\\gradle\wrapper\gradle-wrapper.jar
PATH=C:\WINDOWS\system32;C:\WINDOWS;C:\WINDOWS\System32\Wbem;C:\WINDOWS\System32\WindowsPowerShell\v1.0\;C:\WINDOWS\System32\OpenSSH\;C:\Program Files\dotnet\;C:\Program Files\Microsoft SQL Server\130\Tools\Binn\;D:\Program Files\Git\cmd;C:\Program Files\Microsoft SQL Server\Client SDK\ODBC\170\Tools\Binn\;C:\composer;C:\Program Files\nodejs\;C:\Users\Z B O O K 15\AppData\Local\Microsoft\WindowsApps;D:\Users\Z B O O K 15\AppData\Local\Programs\Microsoft VS Code\bin;D:\src\flutter\bin;C:\Users\Z B O O K 15\.dotnet\tools;D:\xampp\php;C:\Users\Z B O O K 15\AppData\Roaming\Composer\vendor\bin;C:\Users\Z B O O K 15\AppData\Roaming\npm;D:\src\flutter\bin\mingit\cmd
USERNAME=Z B O O K 15
OS=Windows_NT
PROCESSOR_IDENTIFIER=Intel64 Family 6 Model 60 Stepping 3, GenuineIntel



---------------  S Y S T E M  ---------------

OS: Windows 10.0 , 64 bit Build 19041 (10.0.19041.1706)

CPU:total 8 (initial active 8) (4 cores per cpu, 2 threads per core) family 6 model 60 stepping 3, cmov, cx8, fxsr, mmx, sse, sse2, sse3, ssse3, sse4.1, sse4.2, popcnt, avx, avx2, aes, clmul, erms, lzcnt, ht, tsc, tscinvbit, bmi1, bmi2

Memory: 4k page, physical 8266860k(99140k free), swap 27466856k(484k free)

vm_info: OpenJDK 64-Bit Server VM (25.242-b01) for windows-amd64 JRE (1.8.0_242-release-1644-b01), built by "builder" with MS VC++ 10.0 (VS2010)

time: Sat May 28 21:48:06 2022
timezone: Arabic Standard Time
elapsed time: 1 seconds (0d 0h 0m 1s)

